#
# There is insufficient memory for the Java Runtime Environment to continue.
# Native memory allocation (malloc) failed to allocate 1048576 bytes for AllocateHeap
# Possible reasons:
#   The system is out of physical RAM or swap space
#   The process is running with CompressedOops enabled, and the Java Heap may be blocking the growth of the native heap
# Possible solutions:
#   Reduce memory load on the system
#   Increase physical memory or swap space
#   Check if swap backing store is full
#   Decrease Java heap size (-Xmx/-Xms)
#   Decrease number of Java threads
#   Decrease Java thread stack sizes (-Xss)
#   Set larger code cache with -XX:ReservedCodeCacheSize=
#   JVM is running with Zero Based Compressed Oops mode in which the Java heap is
#     placed in the first 32GB address space. The Java Heap base address is the
#     maximum limit for the native heap growth. Please use -XX:HeapBaseMinAddress
#     to set the Java Heap base and to place the Java Heap above 32GB virtual address.
# This output file may be truncated or incomplete.
#
#  Out of Memory Error (memory/allocation.inline.hpp:61), pid=956, tid=0x00000000000030ac
#
# JRE version:  (8.0_241-b07) (build )
# Java VM: Java HotSpot(TM) 64-Bit Server VM (25.241-b07 mixed mode windows-amd64 compressed oops)
# Failed to write core dump. Minidumps are not enabled by default on client versions of Windows
#

---------------  T H R E A D  ---------------

Current thread (0x00000000028fe800):  JavaThread "Unknown thread" [_thread_in_vm, id=12460, stack(0x0000000002900000,0x0000000002a00000)]

Stack: [0x0000000002900000,0x0000000002a00000]
[error occurred during error reporting (printing stack bounds), id 0xc0000005]

Native frames: (J=compiled Java code, j=interpreted, Vv=VM code, C=native code)


---------------  P R O C E S S  ---------------

Java Threads: ( => current thread )

Other Threads:

=>0x00000000028fe800 (exited) JavaThread "Unknown thread" [_thread_in_vm, id=12460, stack(0x0000000002900000,0x0000000002a00000)]

VM state:not at safepoint (normal execution)

VM Mutex/Monitor currently owned by a thread: None

heap address: 0x00000006c1400000, size: 4076 MB, Compressed Oops mode: Zero based, Oop shift amount: 3
Narrow klass base: 0x0000000000000000, Narrow klass shift: 3
Compressed class space size: 1073741824 Address: 0x00000007c0000000

Heap:
 PSYoungGen      total 76288K, used 1310K [0x000000076b180000, 0x0000000770680000, 0x00000007c0000000)
  eden space 65536K, 2% used [0x000000076b180000,0x000000076b2c7af0,0x000000076f180000)
  from space 10752K, 0% used [0x000000076fc00000,0x000000076fc00000,0x0000000770680000)
  to   space 10752K, 0% used [0x000000076f180000,0x000000076f180000,0x000000076fc00000)
 ParOldGen       total 175104K, used 0K [0x00000006c1400000, 0x00000006cbf00000, 0x000000076b180000)
  object space 175104K, 0% used [0x00000006c1400000,0x00000006c1400000,0x00000006cbf00000)
 Metaspace       used 752K, capacity 4480K, committed 4480K, reserved 1056768K
  class space    used 76K, capacity 384K, committed 384K, reserved 1048576K

Card table byte_map: [0x0000000011f20000,0x0000000012720000] byte_map_base: 0x000000000e916000

Marking Bits: (ParMarkBitMap*) 0x000000005c3ebe30
 Begin Bits: [0x0000000013070000, 0x0000000017020000)
 End Bits:   [0x0000000017020000, 0x000000001afd0000)

Polling page: 0x00000000009f0000

CodeCache: size=245760Kb used=328Kb max_used=328Kb free=245431Kb
 bounds [0x0000000002b60000, 0x0000000002dd0000, 0x0000000011b60000]
 total_blobs=58 nmethods=0 adapters=38
 compilation: enabled

Compilation events (0 events):
No events

GC Heap History (0 events):
No events

Deoptimization events (0 events):
No events

Classes redefined (0 events):
No events

Internal exceptions (0 events):
No events

Events (10 events):
Event: 0.026 loading class java/lang/Short
Event: 0.026 loading class java/lang/Short done
Event: 0.026 loading class java/lang/Integer
Event: 0.026 loading class java/lang/Integer done
Event: 0.026 loading class java/lang/Long
Event: 0.026 loading class java/lang/Long done
Event: 0.027 loading class java/lang/NullPointerException
Event: 0.027 loading class java/lang/NullPointerException done
Event: 0.027 loading class java/lang/ArithmeticException
Event: 0.027 loading class java/lang/ArithmeticException done


Dynamic libraries:
0x00007ff7d4b80000 - 0x00007ff7d4bb7000 	C:\Program Files\Java\jre1.8.0_241\bin\javaw.exe
0x00007ff990f80000 - 0x00007ff991170000 	C:\WINDOWS\SYSTEM32\ntdll.dll
0x00007ff990070000 - 0x00007ff990122000 	C:\WINDOWS\System32\KERNEL32.DLL
0x00007ff98e6c0000 - 0x00007ff98e963000 	C:\WINDOWS\System32\KERNELBASE.dll
0x00007ff990600000 - 0x00007ff9906a3000 	C:\WINDOWS\System32\ADVAPI32.dll
0x00007ff98f280000 - 0x00007ff98f31e000 	C:\WINDOWS\System32\msvcrt.dll
0x00007ff98f170000 - 0x00007ff98f207000 	C:\WINDOWS\System32\sechost.dll
0x00007ff990b10000 - 0x00007ff990c30000 	C:\WINDOWS\System32\RPCRT4.dll
0x00007ff98fed0000 - 0x00007ff990064000 	C:\WINDOWS\System32\USER32.dll
0x00007ff98df10000 - 0x00007ff98df31000 	C:\WINDOWS\System32\win32u.dll
0x00007ff98f090000 - 0x00007ff98f0b6000 	C:\WINDOWS\System32\GDI32.dll
0x00007ff98ec80000 - 0x00007ff98ee14000 	C:\WINDOWS\System32\gdi32full.dll
0x00007ff98e990000 - 0x00007ff98ea2e000 	C:\WINDOWS\System32\msvcp_win.dll
0x00007ff98ea30000 - 0x00007ff98eb2a000 	C:\WINDOWS\System32\ucrtbase.dll
0x00007ff982160000 - 0x00007ff9823e5000 	C:\WINDOWS\WinSxS\amd64_microsoft.windows.common-controls_6595b64144ccf1df_6.0.18362.657_none_e6c5b579130e3898\COMCTL32.dll
0x00007ff98f350000 - 0x00007ff98f686000 	C:\WINDOWS\System32\combase.dll
0x00007ff98ee20000 - 0x00007ff98eea0000 	C:\WINDOWS\System32\bcryptPrimitives.dll
0x00007ff98f320000 - 0x00007ff98f34e000 	C:\WINDOWS\System32\IMM32.DLL
0x000000005ba00000 - 0x000000005bad2000 	C:\Program Files\Java\jre1.8.0_241\bin\msvcr100.dll
0x000000005bbc0000 - 0x000000005c46c000 	C:\Program Files\Java\jre1.8.0_241\bin\server\jvm.dll
0x00007ff990b00000 - 0x00007ff990b08000 	C:\WINDOWS\System32\PSAPI.DLL
0x00007ff988920000 - 0x00007ff98892a000 	C:\WINDOWS\SYSTEM32\VERSION.dll
0x00007ff98bc70000 - 0x00007ff98bc94000 	C:\WINDOWS\SYSTEM32\WINMM.dll
0x00007ff95f250000 - 0x00007ff95f259000 	C:\WINDOWS\SYSTEM32\WSOCK32.dll
0x00007ff98bc40000 - 0x00007ff98bc6d000 	C:\WINDOWS\SYSTEM32\winmmbase.dll
0x00007ff98fd80000 - 0x00007ff98fdef000 	C:\WINDOWS\System32\WS2_32.dll
0x00007ff98ef00000 - 0x00007ff98ef4a000 	C:\WINDOWS\System32\cfgmgr32.dll
0x00007ff97fa00000 - 0x00007ff97fa0f000 	C:\Program Files\Java\jre1.8.0_241\bin\verify.dll
0x00007ff979af0000 - 0x00007ff979b19000 	C:\Program Files\Java\jre1.8.0_241\bin\java.dll
0x00007ff979ad0000 - 0x00007ff979ae6000 	C:\Program Files\Java\jre1.8.0_241\bin\zip.dll

VM Arguments:
jvm_args: -Dfile.encoding=Cp1252 
java_command: monopoly.GameManager
java_class_path (initial): C:\Users\Public\GIT_REPO\csc7053-1920-g21\SaveOurPlanetGame\bin;C:\Users\Michael Mc Ferran\.p2\pool\plugins\org.junit.jupiter.api_5.5.1.v20190826-0900.jar;C:\Users\Michael Mc Ferran\.p2\pool\plugins\org.junit.jupiter.engine_5.5.1.v20190826-0900.jar;C:\Users\Michael Mc Ferran\.p2\pool\plugins\org.junit.jupiter.migrationsupport_5.5.1.v20190826-0900.jar;C:\Users\Michael Mc Ferran\.p2\pool\plugins\org.junit.jupiter.params_5.5.1.v20190826-0900.jar;C:\Users\Michael Mc Ferran\.p2\pool\plugins\org.junit.platform.commons_1.5.1.v20190826-0900.jar;C:\Users\Michael Mc Ferran\.p2\pool\plugins\org.junit.platform.engine_1.5.1.v20190826-0900.jar;C:\Users\Michael Mc Ferran\.p2\pool\plugins\org.junit.platform.launcher_1.5.1.v20190826-0900.jar;C:\Users\Michael Mc Ferran\.p2\pool\plugins\org.junit.platform.runner_1.5.1.v20190826-0900.jar;C:\Users\Michael Mc Ferran\.p2\pool\plugins\org.junit.platform.suite.api_1.5.1.v20190826-0900.jar;C:\Users\Michael Mc Ferran\.p2\pool\plugins\org.junit.vintage.engine_5.5.1.v20190826-0900.jar;C:\Users\Michael Mc Ferran\.p2\pool\plugins\org.opentest4j_1.2.0.v20190826-0900.jar;C:\Users\Michael Mc Ferran\.p2\pool\plugins\org.apiguardian_1.1.0.v20190826-0900.jar;C:\Users\Michael Mc Ferran\.p2\pool\plugins\org.junit_4.12.0.v201504281640\junit.jar;C:\Users\Michael Mc Ferran\.p2\pool\plugins\org.hamcrest.core_1.3.0.v20180420-1519.jar
Launcher Type: SUN_STANDARD

Environment Variables:
PATH=C:/Program Files/Java/jre1.8.0_241/bin/server;C:/Program Files/Java/jre1.8.0_241/bin;C:/Program Files/Java/jre1.8.0_241/lib/amd64;C:\Program Files (x86)\Common Files\Oracle\Java\javapath;C:\Program Files (x86)\NVIDIA Corporation\PhysX\Common;C:\WINDOWS\system32;C:\WINDOWS;C:\WINDOWS\System32\Wbem;C:\WINDOWS\System32\WindowsPowerShell\v1.0\;C:\WINDOWS\System32\OpenSSH\;C:\Program Files\dotnet\;C:\Program Files\Git\cmd;C:\Users\Michael Mc Ferran\AppData\Local\Programs\Python\Python37-32\Scripts\;C:\Users\Michael Mc Ferran\AppData\Local\Programs\Python\Python37-32\;C:\Users\Michael Mc Ferran\AppData\Local\Microsoft\WindowsApps;C:\Users\Michael Mc Ferran\.dotnet\tools;%USERPROFILE%\AppData\Local\Microsoft\WindowsApps;;C:\WINDOWS\system32;
USERNAME=Michael Mc Ferran
OS=Windows_NT
PROCESSOR_IDENTIFIER=Intel64 Family 6 Model 58 Stepping 9, GenuineIntel



---------------  S Y S T E M  ---------------

OS: Windows 10.0 , 64 bit Build 18362 (10.0.18362.329)

CPU:total 4 (initial active 4) (4 cores per cpu, 1 threads per core) family 6 model 58 stepping 9, cmov, cx8, fxsr, mmx, sse, sse2, sse3, ssse3, sse4.1, sse4.2, popcnt, avx, aes, clmul, erms, tsc, tscinvbit, tscinv

Memory: 4k page, physical 16692340k(9041816k free), swap 47104856k(5864k free)

vm_info: Java HotSpot(TM) 64-Bit Server VM (25.241-b07) for windows-amd64 JRE (1.8.0_241-b07), built on Dec 11 2019 10:21:40 by "rejava" with MS VC++ 10.0 (VS2010)

time: Sat Mar 07 21:17:22 2020
timezone: GMT Standard Time
elapsed time: 0 seconds (0d 0h 0m 0s)

